\BOOKMARK [1][-]{section.1}{Overview and vision statement}{}% 1
\BOOKMARK [2][-]{subsection.1.1}{Introduction}{section.1}% 2
\BOOKMARK [2][-]{subsection.1.2}{Description}{section.1}% 3
\BOOKMARK [2][-]{subsection.1.3}{Genre}{section.1}% 4
\BOOKMARK [1][-]{section.2}{Audience, platform, and marketing}{}% 5
\BOOKMARK [2][-]{subsection.2.1}{- Target audience}{section.2}% 6
\BOOKMARK [2][-]{subsection.2.2}{Platform}{section.2}% 7
\BOOKMARK [2][-]{subsection.2.3}{? Key features}{section.2}% 8
\BOOKMARK [2][-]{subsection.2.4}{- Feature comparison}{section.2}% 9
\BOOKMARK [1][-]{section.3}{Gameplay}{}% 10
\BOOKMARK [2][-]{subsection.3.1}{- Overview}{section.3}% 11
\BOOKMARK [2][-]{subsection.3.2}{- Gameplay description}{section.3}% 12
\BOOKMARK [2][-]{subsection.3.3}{- Controls}{section.3}% 13
\BOOKMARK [3][-]{subsubsection.3.3.1}{- Interfaces}{subsection.3.3}% 14
\BOOKMARK [3][-]{subsubsection.3.3.2}{- Rules}{subsection.3.3}% 15
\BOOKMARK [3][-]{subsubsection.3.3.3}{- Scoring/winning conditions}{subsection.3.3}% 16
\BOOKMARK [2][-]{subsection.3.4}{- Modes and other features}{section.3}% 17
\BOOKMARK [2][-]{subsection.3.5}{- Levels}{section.3}% 18
\BOOKMARK [3][-]{subsubsection.3.5.1}{- Tutorial / Level 1}{subsection.3.5}% 19
\BOOKMARK [3][-]{subsubsection.3.5.2}{- Intermediate level}{subsection.3.5}% 20
\BOOKMARK [3][-]{subsubsection.3.5.3}{- Final level}{subsection.3.5}% 21
\BOOKMARK [2][-]{subsection.3.6}{- Flowchart}{section.3}% 22
\BOOKMARK [2][-]{subsection.3.7}{- Editor}{section.3}% 23
\BOOKMARK [1][-]{section.4}{Characters}{}% 24
\BOOKMARK [2][-]{subsection.4.1}{Player characters}{section.4}% 25
\BOOKMARK [3][-]{subsubsection.4.1.1}{? Jack}{subsection.4.1}% 26
\BOOKMARK [3][-]{subsubsection.4.1.2}{Hannan}{subsection.4.1}% 27
\BOOKMARK [3][-]{subsubsection.4.1.3}{Charlie}{subsection.4.1}% 28
\BOOKMARK [2][-]{subsection.4.2}{Non player characters}{section.4}% 29
\BOOKMARK [3][-]{subsubsection.4.2.1}{Dr. James Dertham}{subsection.4.2}% 30
\BOOKMARK [3][-]{subsubsection.4.2.2}{Guards}{subsection.4.2}% 31
\BOOKMARK [1][-]{section.5}{Story}{}% 32
\BOOKMARK [2][-]{subsection.5.1}{Synopsis}{section.5}% 33
\BOOKMARK [2][-]{subsection.5.2}{Complete story}{section.5}% 34
\BOOKMARK [2][-]{subsection.5.3}{- Backstory}{section.5}% 35
\BOOKMARK [2][-]{subsection.5.4}{? Narrative devices}{section.5}% 36
\BOOKMARK [2][-]{subsection.5.5}{- Subplots}{section.5}% 37
\BOOKMARK [1][-]{section.6}{World}{}% 38
\BOOKMARK [2][-]{subsection.6.1}{- Overview}{section.6}% 39
\BOOKMARK [2][-]{subsection.6.2}{- Key locations}{section.6}% 40
\BOOKMARK [2][-]{subsection.6.3}{- Travel}{section.6}% 41
\BOOKMARK [2][-]{subsection.6.4}{- Mapping}{section.6}% 42
\BOOKMARK [2][-]{subsection.6.5}{- Scale}{section.6}% 43
\BOOKMARK [2][-]{subsection.6.6}{- Physical objects}{section.6}% 44
\BOOKMARK [2][-]{subsection.6.7}{- Weather conditions}{section.6}% 45
\BOOKMARK [2][-]{subsection.6.8}{- Day and night}{section.6}% 46
\BOOKMARK [2][-]{subsection.6.9}{- Time}{section.6}% 47
\BOOKMARK [2][-]{subsection.6.10}{- Physics}{section.6}% 48
\BOOKMARK [2][-]{subsection.6.11}{- Society/culture}{section.6}% 49
\BOOKMARK [1][-]{section.7}{Media list}{}% 50
\BOOKMARK [2][-]{subsection.7.1}{- Interface assets}{section.7}% 51
\BOOKMARK [2][-]{subsection.7.2}{- Environments}{section.7}% 52
\BOOKMARK [2][-]{subsection.7.3}{- Characters}{section.7}% 53
\BOOKMARK [2][-]{subsection.7.4}{- Animation}{section.7}% 54
\BOOKMARK [2][-]{subsection.7.5}{- Music and sound effects}{section.7}% 55
